::1 - - [19/Oct/2022:10:14:16 +0000] "POST /api/v1/patients/signup HTTP/1.1" 500 2433 "-" "PostmanRuntime/7.29.2"
::1 - - [19/Oct/2022:10:18:54 +0000] "POST /api/v1/patients/signup HTTP/1.1" 500 1028 "-" "PostmanRuntime/7.29.2"
::1 - - [19/Oct/2022:10:19:26 +0000] "POST /api/v1/patients/signup HTTP/1.1" 500 705 "-" "PostmanRuntime/7.29.2"
::1 - - [19/Oct/2022:10:23:32 +0000] "POST /api/v1/patients/signup HTTP/1.1" 500 1453 "-" "PostmanRuntime/7.29.2"
::1 - - [19/Oct/2022:10:28:40 +0000] "POST /api/v1/patients/signup HTTP/1.1" 201 411 "-" "PostmanRuntime/7.29.2"
::1 - - [19/Oct/2022:10:32:04 +0000] "POST /api/v1/patients/signup HTTP/1.1" 500 1032 "-" "PostmanRuntime/7.29.2"
::1 - - [19/Oct/2022:10:33:22 +0000] "POST /api/v1/patients/signup HTTP/1.1" 500 1032 "-" "PostmanRuntime/7.29.2"
::1 - - [19/Oct/2022:10:33:44 +0000] "POST /api/v1/patients/signup HTTP/1.1" 500 1042 "-" "PostmanRuntime/7.29.2"
::1 - - [19/Oct/2022:10:35:51 +0000] "POST /api/v1/patients/signup HTTP/1.1" 201 448 "-" "PostmanRuntime/7.29.2"
::1 - - [19/Oct/2022:10:38:17 +0000] "POST /api/v1/patients/signup HTTP/1.1" 201 487 "-" "PostmanRuntime/7.29.2"
::1 - - [19/Oct/2022:10:44:11 +0000] "POST /api/v1/patients/signin HTTP/1.1" 200 487 "-" "PostmanRuntime/7.29.2"
::1 - - [19/Oct/2022:10:45:14 +0000] "GET /api/v1/patients HTTP/1.1" 200 311 "-" "PostmanRuntime/7.29.2"
::1 - - [19/Oct/2022:10:46:03 +0000] "GET /api/v1/patients HTTP/1.1" 200 302 "-" "PostmanRuntime/7.29.2"
::1 - - [19/Oct/2022:10:47:11 +0000] "GET /api/v1/patients/634fd399620272a64390014d HTTP/1.1" 200 305 "-" "PostmanRuntime/7.29.2"
::1 - - [19/Oct/2022:10:47:56 +0000] "GET /api/v1/patients/634fd399620272a64390014d HTTP/1.1" 200 296 "-" "PostmanRuntime/7.29.2"
::1 - - [19/Oct/2022:10:50:26 +0000] "PATCH /api/v1/patients/634fd399620272a64390014d HTTP/1.1" 200 305 "-" "PostmanRuntime/7.29.2"
::1 - - [19/Oct/2022:10:51:19 +0000] "DELETE /api/v1/patients/634fd399620272a64390014d HTTP/1.1" 204 - "-" "PostmanRuntime/7.29.2"
::1 - - [19/Oct/2022:10:51:45 +0000] "GET /api/v1/patients HTTP/1.1" 200 42 "-" "PostmanRuntime/7.29.2"
::1 - - [19/Oct/2022:10:51:54 +0000] "POST /api/v1/patients/signup HTTP/1.1" 201 487 "-" "PostmanRuntime/7.29.2"
::1 - - [19/Oct/2022:10:51:59 +0000] "GET /api/v1/patients HTTP/1.1" 200 302 "-" "PostmanRuntime/7.29.2"
::1 - - [19/Oct/2022:10:53:33 +0000] "POST /api/v1/patients/forget-password HTTP/1.1" 404 1279 "-" "PostmanRuntime/7.29.2"
::1 - - [19/Oct/2022:10:54:27 +0000] "POST /api/v1/patients/forgot-password HTTP/1.1" 500 442 "-" "PostmanRuntime/7.29.2"
::1 - - [19/Oct/2022:10:55:24 +0000] "POST /api/v1/patients/forgot-password HTTP/1.1" 500 557 "-" "PostmanRuntime/7.29.2"
::1 - - [19/Oct/2022:10:57:48 +0000] "POST /api/v1/patients/forgot-password HTTP/1.1" 200 193 "-" "PostmanRuntime/7.29.2"
::1 - - [19/Oct/2022:11:05:03 +0000] "POST /api/v1/patients/reset-password/2ac0766d736c98ae597bdc6821f24c7b446eb178f7e9b1c2133be32a6b57daad HTTP/1.1" 404 1407 "-" "PostmanRuntime/7.29.2"
::1 - - [19/Oct/2022:11:06:16 +0000] "POST /api/v1/patients/reset-password/2ac0766d736c98ae597bdc6821f24c7b446eb178f7e9b1c2133be32a6b57daad HTTP/1.1" 404 1407 "-" "PostmanRuntime/7.29.2"
::1 - - [19/Oct/2022:11:06:24 +0000] "POST /api/v1/patients/reset-password/2ac0766d736c98ae597bdc6821f24c7b446eb178f7e9b1c2133be32a6b57daad HTTP/1.1" 404 1407 "-" "PostmanRuntime/7.29.2"
::1 - - [19/Oct/2022:11:07:58 +0000] "POST /api/v1/patients/reset-password/2ac0766d736c98ae597bdc6821f24c7b446eb178f7e9b1c2133be32a6b57daad HTTP/1.1" 404 1407 "-" "PostmanRuntime/7.29.2"
::1 - - [19/Oct/2022:11:12:55 +0000] "POST /api/v1/patients/reset-password/2ac0766d736c98ae597bdc6821f24c7b446eb178f7e9b1c2133be32a6b57daad HTTP/1.1" 404 1407 "-" "PostmanRuntime/7.29.2"
::1 - - [19/Oct/2022:11:17:40 +0000] "POST /api/v1/patients/reset-password/2ac0766d736c98ae597bdc6821f24c7b446eb178f7e9b1c2133be32a6b57daad HTTP/1.1" 404 1407 "-" "PostmanRuntime/7.29.2"
::1 - - [19/Oct/2022:11:18:25 +0000] "POST /api/v1/patients/reset-password/2ac0766d736c98ae597bdc6821f24c7b446eb178f7e9b1c2133be32a6b57daad HTTP/1.1" 404 1407 "-" "PostmanRuntime/7.29.2"
::1 - - [19/Oct/2022:11:19:17 +0000] "POST /api/v1/patients/reset-password/2ac0766d736c98ae597bdc6821f24c7b446eb178f7e9b1c2133be32a6b57daad HTTP/1.1" 404 1407 "-" "PostmanRuntime/7.29.2"
::1 - - [19/Oct/2022:11:19:31 +0000] "PATCH /api/v1/patients/reset-password/2ac0766d736c98ae597bdc6821f24c7b446eb178f7e9b1c2133be32a6b57daad HTTP/1.1" 400 342 "-" "PostmanRuntime/7.29.2"
::1 - - [19/Oct/2022:11:20:04 +0000] "POST /api/v1/patients/forgot-password HTTP/1.1" 200 193 "-" "PostmanRuntime/7.29.2"
::1 - - [19/Oct/2022:11:20:27 +0000] "PATCH /api/v1/patients/reset-password/61f23df9e49430b68a65dda8eed1304306a09332d4a6632bdefdbc7b114f4630 HTTP/1.1" 200 534 "-" "PostmanRuntime/7.29.2"
::1 - - [19/Oct/2022:12:04:28 +0000] "GET /api/v1/patients/update-password HTTP/1.1" 500 841 "-" "PostmanRuntime/7.29.2"
::1 - - [19/Oct/2022:12:05:00 +0000] "PATCH /api/v1/patients/update-password HTTP/1.1" 500 841 "-" "PostmanRuntime/7.29.2"
::1 - - [19/Oct/2022:12:05:48 +0000] "PATCH /api/v1/patients/update-password HTTP/1.1" 500 841 "-" "PostmanRuntime/7.29.2"
::1 - - [19/Oct/2022:12:07:01 +0000] "PATCH /api/v1/patients/update-password/634fd6caa44a54b5510d6e16 HTTP/1.1" 404 1329 "-" "PostmanRuntime/7.29.2"
::1 - - [19/Oct/2022:12:07:54 +0000] "PATCH /api/v1/patients/update-password/634fd6caa44a54b5510d6e16 HTTP/1.1" 200 534 "-" "PostmanRuntime/7.29.2"
::1 - - [19/Oct/2022:12:31:05 +0000] "POST /api/v1/doctors/signup HTTP/1.1" 500 704 "-" "PostmanRuntime/7.29.2"
::1 - - [19/Oct/2022:12:32:46 +0000] "POST /api/v1/doctors/signup HTTP/1.1" 201 534 "-" "PostmanRuntime/7.29.2"
::1 - - [19/Oct/2022:12:34:30 +0000] "POST /api/v1/doctors/signin HTTP/1.1" 200 534 "-" "PostmanRuntime/7.29.2"
::1 - - [19/Oct/2022:12:35:07 +0000] "GET /api/v1/doctors HTTP/1.1" 200 349 "-" "PostmanRuntime/7.29.2"
::1 - - [19/Oct/2022:12:36:38 +0000] "GET /api/v1/doctors/634fee6d6325e2d5eb13d02f HTTP/1.1" 200 343 "-" "PostmanRuntime/7.29.2"
::1 - - [19/Oct/2022:12:37:35 +0000] "PATCH /api/v1doctors/634fee6d6325e2d5eb13d02f HTTP/1.1" 404 1293 "-" "PostmanRuntime/7.29.2"
::1 - - [19/Oct/2022:12:37:57 +0000] "PATCH /api/v1/doctors/634fee6d6325e2d5eb13d02f HTTP/1.1" 200 352 "-" "PostmanRuntime/7.29.2"
::1 - - [19/Oct/2022:12:38:53 +0000] "DELETE /api/v1/doctors/634fee6d6325e2d5eb13d02f HTTP/1.1" 204 - "-" "PostmanRuntime/7.29.2"
::1 - - [19/Oct/2022:12:39:39 +0000] "POST /api/v1/doctors/forgot-password HTTP/1.1" 404 369 "-" "PostmanRuntime/7.29.2"
::1 - - [19/Oct/2022:12:40:46 +0000] "POST /api/v1/doctors/forgot-password HTTP/1.1" 404 369 "-" "PostmanRuntime/7.29.2"
::1 - - [19/Oct/2022:12:48:23 +0000] "POST /api/v1/doctors/forgot-password HTTP/1.1" 404 369 "-" "PostmanRuntime/7.29.2"
::1 - - [19/Oct/2022:12:50:06 +0000] "POST /api/v1/doctors/forgot-password HTTP/1.1" 404 369 "-" "PostmanRuntime/7.29.2"
::1 - - [19/Oct/2022:12:51:27 +0000] "POST /api/v1/doctors/forgot-password HTTP/1.1" 404 369 "-" "PostmanRuntime/7.29.2"
::1 - - [19/Oct/2022:12:52:18 +0000] "POST /api/v1/patients/forgot-password HTTP/1.1" 200 193 "-" "PostmanRuntime/7.29.2"
::1 - - [19/Oct/2022:12:53:58 +0000] "POST /api/v1/doctors/forgot-password HTTP/1.1" 404 369 "-" "PostmanRuntime/7.29.2"
::1 - - [19/Oct/2022:13:01:42 +0000] "GET /api/v1/doctors HTTP/1.1" 200 42 "-" "PostmanRuntime/7.29.2"
::1 - - [19/Oct/2022:13:01:48 +0000] "POST /api/v1/doctors/signup HTTP/1.1" 201 534 "-" "PostmanRuntime/7.29.2"
::1 - - [19/Oct/2022:13:02:34 +0000] "POST /api/v1/doctors/forgot-password HTTP/1.1" 200 193 "-" "PostmanRuntime/7.29.2"
::1 - - [19/Oct/2022:13:04:14 +0000] "PATCH /api/v1/doctors/reset-password/20e53f1c3ed5425aaab2679ca5b0abe5cd768e3b8bc6568ae5e91923ec4920ec HTTP/1.1" 200 581 "-" "PostmanRuntime/7.29.2"
::1 - - [19/Oct/2022:13:06:07 +0000] "PATCH /api/v1/doctors/update-password/634ff53c55d2265a7b80fce7 HTTP/1.1" 200 581 "-" "PostmanRuntime/7.29.2"
::1 - - [19/Oct/2022:13:15:12 +0000] "POST /api/v1/patients/forgot-password HTTP/1.1" 500 557 "-" "PostmanRuntime/7.29.2"
::1 - - [19/Oct/2022:13:15:40 +0000] "POST /api/v1/patients/forgot-password HTTP/1.1" 500 557 "-" "PostmanRuntime/7.29.2"
::1 - - [19/Oct/2022:13:18:36 +0000] "POST /api/v1/doctors/forgot-password HTTP/1.1" 500 557 "-" "PostmanRuntime/7.29.2"
::1 - - [19/Oct/2022:13:19:58 +0000] "POST /api/v1/doctors/forgot-password HTTP/1.1" 500 557 "-" "PostmanRuntime/7.29.2"
::1 - - [19/Oct/2022:13:21:41 +0000] "POST /api/v1/doctors/forgot-password HTTP/1.1" 500 358 "-" "PostmanRuntime/7.29.2"
::1 - - [19/Oct/2022:13:23:22 +0000] "POST /api/v1/doctors/forgot-password HTTP/1.1" 200 193 "-" "PostmanRuntime/7.29.2"
::1 - - [19/Oct/2022:13:24:57 +0000] "PATCH /api/v1/doctors/reset-password/57a2521f073b51bfbc9a33e9da99340cad6d0dd507486587c66adfc38b05005e HTTP/1.1" 200 581 "-" "PostmanRuntime/7.29.2"
::1 - - [20/Oct/2022:10:20:25 +0000] "POST /api/v1/admins/signup HTTP/1.1" 201 458 "-" "PostmanRuntime/7.29.2"
::1 - - [20/Oct/2022:10:34:42 +0000] "GET /api/v1/doctors HTTP/1.1" 200 413 "-" "PostmanRuntime/7.29.2"
::1 - - [20/Oct/2022:10:37:14 +0000] "PATCH /api/v1/doctors/verify-doctor HTTP/1.1" 500 828 "-" "PostmanRuntime/7.29.2"
::1 - - [20/Oct/2022:10:42:19 +0000] "PATCH /api/v1/doctors/verify-doctor HTTP/1.1" 500 828 "-" "PostmanRuntime/7.29.2"
::1 - - [20/Oct/2022:10:47:27 +0000] "PATCH /api/v1/doctors/verify-doctor/634ff53c55d2265a7b80fce7 HTTP/1.1" 200 408 "-" "PostmanRuntime/7.29.2"
::1 - - [19/Oct/2022:23:47:40 +0000] "GET /api/v1/doctors HTTP/1.1" 200 396 "-" "PostmanRuntime/7.29.2"
::1 - - [20/Oct/2022:13:26:48 +0000] "POST /api/v1/patients/subscribe HTTP/1.1" 500 782 "-" "PostmanRuntime/7.29.2"
::1 - - [20/Oct/2022:13:30:46 +0000] "POST /api/v1/patients/signup HTTP/1.1" 201 521 "-" "PostmanRuntime/7.29.2"
::1 - - [20/Oct/2022:13:30:56 +0000] "POST /api/v1/patients/subscribe HTTP/1.1" 200 33 "-" "PostmanRuntime/7.29.2"
::1 - - [20/Oct/2022:13:32:03 +0000] "POST /api/v1/patients/subscribe HTTP/1.1" 200 33 "-" "PostmanRuntime/7.29.2"
::1 - - [20/Oct/2022:13:34:10 +0000] "POST /api/v1/patients/subscribe HTTP/1.1" 200 33 "-" "PostmanRuntime/7.29.2"
::1 - - [20/Oct/2022:13:37:11 +0000] "POST /api/v1/patients/subscribe HTTP/1.1" 200 33 "-" "PostmanRuntime/7.29.2"
::1 - - [20/Oct/2022:13:38:21 +0000] "POST /api/v1/patients/subscribe HTTP/1.1" 200 33 "-" "PostmanRuntime/7.29.2"
::1 - - [20/Oct/2022:13:47:36 +0000] "POST /api/v1/patients/subscribe HTTP/1.1" 200 33 "-" "PostmanRuntime/7.29.2"
::1 - - [20/Oct/2022:13:49:48 +0000] "POST /api/v1/patients/subscribe HTTP/1.1" 200 33 "-" "PostmanRuntime/7.29.2"
::1 - - [20/Oct/2022:13:59:33 +0000] "POST /api/v1/patients/subscribe HTTP/1.1" 200 155 "-" "PostmanRuntime/7.29.2"
::1 - - [20/Oct/2022:14:21:39 +0000] "POST /api/v1/patients/subscribe HTTP/1.1" 200 155 "-" "PostmanRuntime/7.29.2"
::1 - - [20/Oct/2022:14:23:07 +0000] "GET /api/v1/doctors HTTP/1.1" 200 412 "-" "PostmanRuntime/7.29.2"
::1 - - [20/Oct/2022:14:29:22 +0000] "POST /api/v1/patients/subscribe HTTP/1.1" 400 321 "-" "PostmanRuntime/7.29.2"
::1 - - [20/Oct/2022:14:33:23 +0000] "POST /api/v1/patients/subscribe HTTP/1.1" 200 155 "-" "PostmanRuntime/7.29.2"
::1 - - [20/Oct/2022:14:38:29 +0000] "POST /api/v1/doctors/signup HTTP/1.1" 500 1493 "-" "PostmanRuntime/7.29.2"
::1 - - [20/Oct/2022:14:39:11 +0000] "POST /api/v1/patients/signup HTTP/1.1" 201 521 "-" "PostmanRuntime/7.29.2"
::1 - - [20/Oct/2022:14:39:39 +0000] "POST /api/v1/patients/subscribe HTTP/1.1" 200 155 "-" "PostmanRuntime/7.29.2"
::1 - - [20/Oct/2022:14:50:34 +0000] "POST /api/v1/patients/signup HTTP/1.1" 201 521 "-" "PostmanRuntime/7.29.2"
::1 - - [20/Oct/2022:14:50:44 +0000] "POST /api/v1/patients/subscribe HTTP/1.1" 200 155 "-" "PostmanRuntime/7.29.2"
::1 - - [20/Oct/2022:15:31:49 +0000] "POST /api/v1/patients/signup HTTP/1.1" 201 521 "-" "PostmanRuntime/7.29.2"
::1 - - [20/Oct/2022:15:32:10 +0000] "POST /api/v1/patients/subscribe HTTP/1.1" 200 202 "-" "PostmanRuntime/7.29.2"
::1 - - [20/Oct/2022:15:38:09 +0000] "POST /api/v1/patients/signup HTTP/1.1" 201 521 "-" "PostmanRuntime/7.29.2"
::1 - - [20/Oct/2022:15:38:24 +0000] "POST /api/v1/patients/subscribe HTTP/1.1" 200 202 "-" "PostmanRuntime/7.29.2"
::1 - - [22/Oct/2022:12:37:27 +0000] "POST /api/v1/doctors/signup HTTP/1.1" 201 541 "-" "PostmanRuntime/7.29.2"
::1 - - [22/Oct/2022:12:37:53 +0000] "POST /api/v1/doctors/signin HTTP/1.1" 200 541 "-" "PostmanRuntime/7.29.2"
::1 - - [22/Oct/2022:12:38:02 +0000] "GET /api/v1/doctors HTTP/1.1" 200 356 "-" "PostmanRuntime/7.29.2"
::1 - - [22/Oct/2022:12:38:57 +0000] "GET /api/v1/doctors/6353e40566014c5ac181d340 HTTP/1.1" 200 350 "-" "PostmanRuntime/7.29.2"
::1 - - [22/Oct/2022:12:53:25 +0000] "PATCH /api/v1/doctors/634fee6d6325e2d5eb13d02f HTTP/1.1" - - "-" "PostmanRuntime/7.29.2"
::1 - - [22/Oct/2022:12:59:39 +0000] "PATCH /api/v1/doctors/634fee6d6325e2d5eb13d02f HTTP/1.1" 500 350 "-" "PostmanRuntime/7.29.2"
::1 - - [22/Oct/2022:13:02:11 +0000] "PATCH /api/v1/doctors/634fee6d6325e2d5eb13d02f HTTP/1.1" 404 360 "-" "PostmanRuntime/7.29.2"
::1 - - [22/Oct/2022:13:03:22 +0000] "PATCH /api/v1/doctors/634fee6d6325e2d5eb13d02f HTTP/1.1" 403 361 "-" "PostmanRuntime/7.29.2"
::1 - - [22/Oct/2022:13:04:58 +0000] "PATCH /api/v1/doctors/6353e40566014c5ac181d340 HTTP/1.1" 200 359 "-" "PostmanRuntime/7.29.2"
::1 - - [22/Oct/2022:13:05:27 +0000] "PATCH /api/v1/doctors/6353e40566014c5ac181d340 HTTP/1.1" 200 359 "-" "PostmanRuntime/7.29.2"
::1 - - [22/Oct/2022:13:07:40 +0000] "POST /api/v1/doctors/forgot-password HTTP/1.1" 200 65 "-" "PostmanRuntime/7.29.2"
::1 - - [22/Oct/2022:13:08:46 +0000] "PATCH /api/v1/doctors/reset-password/fb2d1e88be15a3fe07413998725ed07ffe6ee39a2f7ea44cbfc99babf4780d61 HTTP/1.1" 200 588 "-" "PostmanRuntime/7.29.2"
::1 - - [22/Oct/2022:13:09:26 +0000] "PATCH /api/v1/doctors/update-password/6353e40566014c5ac181d340 HTTP/1.1" 200 588 "-" "PostmanRuntime/7.29.2"
::1 - - [22/Oct/2022:13:24:24 +0000] "PATCH /api/v1/doctors/complete-profile/6353e40566014c5ac181d340 HTTP/1.1" 400 52 "-" "PostmanRuntime/7.29.2"
::1 - - [22/Oct/2022:13:27:00 +0000] "PATCH /api/v1/doctors/complete-profile/6353e40566014c5ac181d340 HTTP/1.1" 500 1280 "-" "PostmanRuntime/7.29.2"
::1 - - [22/Oct/2022:13:28:14 +0000] "POST /api/v1/doctors/signin HTTP/1.1" 200 588 "-" "PostmanRuntime/7.29.2"
::1 - - [22/Oct/2022:13:28:19 +0000] "PATCH /api/v1/doctors/complete-profile/6353e40566014c5ac181d340 HTTP/1.1" 400 52 "-" "PostmanRuntime/7.29.2"
::1 - - [22/Oct/2022:13:29:17 +0000] "PATCH /api/v1/doctors/complete-profile/6353e40566014c5ac181d340 HTTP/1.1" 200 454 "-" "PostmanRuntime/7.29.2"
::1 - - [22/Oct/2022:13:37:18 +0000] "PATCH /api/v1/doctors/verify-doctor/6353e40566014c5ac181d340 HTTP/1.1" 404 1323 "-" "PostmanRuntime/7.29.2"
::1 - - [22/Oct/2022:13:37:51 +0000] "PATCH /api/v1/admin/verify-doctor/6353e40566014c5ac181d340 HTTP/1.1" 404 1319 "-" "PostmanRuntime/7.29.2"
::1 - - [22/Oct/2022:13:38:01 +0000] "PATCH /api/v1/admins/verify-doctor/6353e40566014c5ac181d340 HTTP/1.1" 200 416 "-" "PostmanRuntime/7.29.2"
::1 - - [22/Oct/2022:13:41:24 +0000] "PATCH /api/v1/admins/verify-doctor/6353e40566014c5ac181d340 HTTP/1.1" 401 318 "-" "PostmanRuntime/7.29.2"
::1 - - [22/Oct/2022:13:43:43 +0000] "POST /api/v1/admins/signin HTTP/1.1" 200 458 "-" "PostmanRuntime/7.29.2"
::1 - - [22/Oct/2022:13:43:55 +0000] "PATCH /api/v1/admins/verify-doctor/6353e40566014c5ac181d340 HTTP/1.1" 200 416 "-" "PostmanRuntime/7.29.2"
::1 - - [22/Oct/2022:13:50:49 +0000] "PATCH /api/v1/doctors/complete-profile/6353e40566014c5ac181d340 HTTP/1.1" 401 318 "-" "PostmanRuntime/7.29.2"
::1 - - [22/Oct/2022:13:51:00 +0000] "POST /api/v1/doctors/signin HTTP/1.1" 200 605 "-" "PostmanRuntime/7.29.2"
::1 - - [22/Oct/2022:13:51:10 +0000] "PATCH /api/v1/doctors/complete-profile/6353e40566014c5ac181d340 HTTP/1.1" 200 471 "-" "PostmanRuntime/7.29.2"
::1 - - [22/Oct/2022:14:00:25 +0000] "PATCH /api/v1/doctors/complete-profile/6353e40566014c5ac181d340 HTTP/1.1" 200 471 "-" "PostmanRuntime/7.29.2"
::1 - - [22/Oct/2022:14:04:09 +0000] "PATCH /api/v1/doctors/complete-profile/6353e40566014c5ac181d340 HTTP/1.1" 200 566 "-" "PostmanRuntime/7.29.2"
::1 - - [22/Oct/2022:15:47:45 +0000] "GET /api/v1/admins HTTP/1.1" 200 273 "-" "PostmanRuntime/7.29.2"
::1 - - [22/Oct/2022:15:48:12 +0000] "POST /api/v1/doctors/signin HTTP/1.1" 200 700 "-" "PostmanRuntime/7.29.2"
::1 - - [22/Oct/2022:15:48:33 +0000] "GET /api/v1/admins HTTP/1.1" 200 273 "-" "PostmanRuntime/7.29.2"
::1 - - [22/Oct/2022:15:48:35 +0000] "GET /api/v1/admins HTTP/1.1" 200 273 "-" "PostmanRuntime/7.29.2"
::1 - - [22/Oct/2022:15:49:19 +0000] "GET /api/v1/admins HTTP/1.1" 500 1297 "-" "PostmanRuntime/7.29.2"
::1 - - [22/Oct/2022:15:49:34 +0000] "GET /api/v1/admins HTTP/1.1" 500 1297 "-" "PostmanRuntime/7.29.2"
::1 - - [22/Oct/2022:15:50:24 +0000] "POST /api/v1/doctors/signin HTTP/1.1" 200 700 "-" "PostmanRuntime/7.29.2"
::1 - - [22/Oct/2022:15:50:29 +0000] "GET /api/v1/admins HTTP/1.1" 401 318 "-" "PostmanRuntime/7.29.2"
::1 - - [22/Oct/2022:15:50:36 +0000] "POST /api/v1/admins/signin HTTP/1.1" 200 458 "-" "PostmanRuntime/7.29.2"
::1 - - [22/Oct/2022:15:50:41 +0000] "GET /api/v1/admins HTTP/1.1" 200 273 "-" "PostmanRuntime/7.29.2"
::1 - - [22/Oct/2022:15:50:51 +0000] "GET /api/v1/admins/635120e8f959fff30767fa3c HTTP/1.1" 200 267 "-" "PostmanRuntime/7.29.2"
::1 - - [22/Oct/2022:15:56:06 +0000] "PATCH /api/v1/admins/635120e8f959fff30767fa3c HTTP/1.1" 400 1142 "-" "PostmanRuntime/7.29.2"
::1 - - [22/Oct/2022:15:56:17 +0000] "PATCH /api/v1/admins/635120e8f959fff30767fa3c HTTP/1.1" 200 277 "-" "PostmanRuntime/7.29.2"
::1 - - [22/Oct/2022:15:58:59 +0000] "POST /api/v1/admins/forgot-password HTTP/1.1" 200 65 "-" "PostmanRuntime/7.29.2"
::1 - - [22/Oct/2022:16:00:37 +0000] "PATCH /api/v1/admins/reset-password/456daffe1aa52a5446256566a5e4f744079abddff9ab5e4d4a9e5f78c3c2dceb HTTP/1.1" 500 1034 "-" "PostmanRuntime/7.29.2"
::1 - - [22/Oct/2022:16:04:20 +0000] "PATCH /api/v1/admins/reset-password/456daffe1aa52a5446256566a5e4f744079abddff9ab5e4d4a9e5f78c3c2dceb HTTP/1.1" 500 1034 "-" "PostmanRuntime/7.29.2"
::1 - - [22/Oct/2022:16:09:54 +0000] "PATCH /api/v1/admins/reset-password/456daffe1aa52a5446256566a5e4f744079abddff9ab5e4d4a9e5f78c3c2dceb HTTP/1.1" 400 342 "-" "PostmanRuntime/7.29.2"
::1 - - [22/Oct/2022:16:10:34 +0000] "POST /api/v1/admins/forgot-password HTTP/1.1" 200 65 "-" "PostmanRuntime/7.29.2"
::1 - - [22/Oct/2022:16:11:11 +0000] "PATCH /api/v1/admins/reset-password/538f27b1f8ccb4ab2ea5f5c38a8a422cc924be919d0ae5a5590bb6d2d4badab1 HTTP/1.1" 200 506 "-" "PostmanRuntime/7.29.2"
::1 - - [22/Oct/2022:16:13:00 +0000] "PATCH /api/v1/admins/update-password/635120e8f959fff30767fa3c HTTP/1.1" 200 506 "-" "PostmanRuntime/7.29.2"
::1 - - [22/Oct/2022:16:17:06 +0000] "POST /api/v1/patients/signup HTTP/1.1" 201 522 "-" "PostmanRuntime/7.29.2"
::1 - - [22/Oct/2022:16:18:14 +0000] "POST /api/v1/patients/signin HTTP/1.1" 200 522 "-" "PostmanRuntime/7.29.2"
::1 - - [22/Oct/2022:16:23:28 +0000] "GET /api/v1/patients HTTP/1.1" 401 318 "-" "PostmanRuntime/7.29.2"
::1 - - [22/Oct/2022:16:23:43 +0000] "POST /api/v1/admins/signin HTTP/1.1" 200 506 "-" "PostmanRuntime/7.29.2"
::1 - - [22/Oct/2022:16:23:57 +0000] "GET /api/v1/patients HTTP/1.1" 200 337 "-" "PostmanRuntime/7.29.2"
::1 - - [22/Oct/2022:16:24:21 +0000] "GET /api/v1/patients/6354178267954001d4059fd8 HTTP/1.1" 401 318 "-" "PostmanRuntime/7.29.2"
::1 - - [22/Oct/2022:16:24:51 +0000] "GET /api/v1/patients/6354178267954001d4059fd8 HTTP/1.1" 401 318 "-" "PostmanRuntime/7.29.2"
::1 - - [22/Oct/2022:16:24:57 +0000] "POST /api/v1/patients/signin HTTP/1.1" 200 522 "-" "PostmanRuntime/7.29.2"
::1 - - [22/Oct/2022:16:25:02 +0000] "GET /api/v1/patients/6354178267954001d4059fd8 HTTP/1.1" 200 331 "-" "PostmanRuntime/7.29.2"
::1 - - [22/Oct/2022:16:25:23 +0000] "PATCH /api/v1/patients/634fd399620272a64390014d HTTP/1.1" 401 1253 "-" "PostmanRuntime/7.29.2"
::1 - - [22/Oct/2022:16:25:32 +0000] "PATCH /api/v1/patients/634fd399620272a64390014d HTTP/1.1" 403 764 "-" "PostmanRuntime/7.29.2"
::1 - - [22/Oct/2022:16:25:50 +0000] "POST /api/v1/patients/signin HTTP/1.1" 200 522 "-" "PostmanRuntime/7.29.2"
::1 - - [22/Oct/2022:16:25:56 +0000] "PATCH /api/v1/patients/634fd399620272a64390014d HTTP/1.1" 403 764 "-" "PostmanRuntime/7.29.2"
::1 - - [22/Oct/2022:16:26:15 +0000] "PATCH /api/v1/patients/6354178267954001d4059fd8 HTTP/1.1" 400 1142 "-" "PostmanRuntime/7.29.2"
::1 - - [22/Oct/2022:16:26:28 +0000] "PATCH /api/v1/patients/6354178267954001d4059fd8 HTTP/1.1" 200 340 "-" "PostmanRuntime/7.29.2"
::1 - - [22/Oct/2022:16:26:47 +0000] "DELETE /api/v1/patients/6354178267954001d4059fd8 HTTP/1.1" 401 1222 "-" "PostmanRuntime/7.29.2"
::1 - - [22/Oct/2022:16:26:56 +0000] "DELETE /api/v1/patients/6354178267954001d4059fd8 HTTP/1.1" 204 - "-" "PostmanRuntime/7.29.2"
::1 - - [22/Oct/2022:16:27:01 +0000] "POST /api/v1/patients/signup HTTP/1.1" 201 522 "-" "PostmanRuntime/7.29.2"
::1 - - [22/Oct/2022:16:27:18 +0000] "POST /api/v1/patients/forgot-password HTTP/1.1" 200 65 "-" "PostmanRuntime/7.29.2"
::1 - - [22/Oct/2022:16:27:55 +0000] "PATCH /api/v1/patients/reset-password/b09005a7350ca03ac539f1897638248bdbb2cc75b52ed57ca17e4eff09bdcf33 HTTP/1.1" 200 569 "-" "PostmanRuntime/7.29.2"
::1 - - [22/Oct/2022:16:33:29 +0000] "POST /api/v1/patients/subscribe HTTP/1.1" 400 802 "-" "PostmanRuntime/7.29.2"
::1 - - [22/Oct/2022:16:35:36 +0000] "POST /api/v1/patients/subscribe HTTP/1.1" 400 747 "-" "PostmanRuntime/7.29.2"
::1 - - [22/Oct/2022:16:37:42 +0000] "PATCH /api/v1/patients/6354178267954001d4059fd8 HTTP/1.1" 403 764 "-" "PostmanRuntime/7.29.2"
::1 - - [22/Oct/2022:16:38:04 +0000] "POST /api/v1/patients/signin HTTP/1.1" 401 248 "-" "PostmanRuntime/7.29.2"
::1 - - [22/Oct/2022:16:38:19 +0000] "POST /api/v1/patients/signin HTTP/1.1" 200 569 "-" "PostmanRuntime/7.29.2"
::1 - - [22/Oct/2022:16:38:36 +0000] "PATCH /api/v1/patients/6354178267954001d4059fd8 HTTP/1.1" 403 764 "-" "PostmanRuntime/7.29.2"
::1 - - [22/Oct/2022:16:38:39 +0000] "PATCH /api/v1/patients/6354178267954001d4059fd8 HTTP/1.1" 403 764 "-" "PostmanRuntime/7.29.2"
::1 - - [22/Oct/2022:16:39:40 +0000] "PATCH /api/v1/patients/635419d50169b334fddf54f0 HTTP/1.1" 200 433 "-" "PostmanRuntime/7.29.2"
::1 - - [22/Oct/2022:16:39:52 +0000] "POST /api/v1/patients/subscribe HTTP/1.1" 400 801 "-" "PostmanRuntime/7.29.2"
::1 - - [22/Oct/2022:16:42:26 +0000] "POST /api/v1/patients/subscribe HTTP/1.1" 200 202 "-" "PostmanRuntime/7.29.2"
::1 - - [22/Oct/2022:16:45:33 +0000] "POST /api/v1/patients/signup HTTP/1.1" 201 522 "-" "PostmanRuntime/7.29.2"
::1 - - [22/Oct/2022:16:45:54 +0000] "PATCH /api/v1/patients/63541e2d5fef53a616b4f4d6 HTTP/1.1" 200 386 "-" "PostmanRuntime/7.29.2"
::1 - - [22/Oct/2022:16:46:04 +0000] "POST /api/v1/patients/subscribe HTTP/1.1" 400 801 "-" "PostmanRuntime/7.29.2"
::1 - - [22/Oct/2022:16:51:40 +0000] "POST /api/v1/patients/signup HTTP/1.1" 201 522 "-" "PostmanRuntime/7.29.2"
::1 - - [22/Oct/2022:16:51:52 +0000] "PATCH /api/v1/patients/63541e2d5fef53a616b4f4d6 HTTP/1.1" 403 764 "-" "PostmanRuntime/7.29.2"
::1 - - [22/Oct/2022:16:52:21 +0000] "PATCH /api/v1/patients/63541f9cba25ec54953a5f93 HTTP/1.1" 200 386 "-" "PostmanRuntime/7.29.2"
::1 - - [22/Oct/2022:16:52:40 +0000] "POST /api/v1/patients/subscribe HTTP/1.1" 200 202 "-" "PostmanRuntime/7.29.2"
::1 - - [22/Oct/2022:16:53:42 +0000] "PATCH /api/v1/patients/update-password/63541f9cba25ec54953a5f93 HTTP/1.1" 200 609 "-" "PostmanRuntime/7.29.2"
::1 - - [22/Oct/2022:19:00:56 +0000] "POST /api/v1/patients/signin HTTP/1.1" 200 609 "-" "PostmanRuntime/7.29.2"
::1 - - [22/Oct/2022:19:02:22 +0000] "POST /api/v1/doctors/signin HTTP/1.1" 200 700 "-" "PostmanRuntime/7.29.2"
::1 - - [22/Oct/2022:19:02:49 +0000] "POST /api/v1/bookings HTTP/1.1" 401 318 "-" "PostmanRuntime/7.29.2"
::1 - - [22/Oct/2022:19:03:05 +0000] "POST /api/v1/patients/signin HTTP/1.1" 200 609 "-" "PostmanRuntime/7.29.2"
::1 - - [22/Oct/2022:19:03:12 +0000] "POST /api/v1/bookings HTTP/1.1" 400 52 "-" "PostmanRuntime/7.29.2"
::1 - - [22/Oct/2022:19:05:29 +0000] "POST /api/v1/bookings HTTP/1.1" 200 284 "-" "PostmanRuntime/7.29.2"
::1 - - [22/Oct/2022:19:17:03 +0000] "GET /api/v1/bookings HTTP/1.1" 401 318 "-" "PostmanRuntime/7.29.2"
::1 - - [22/Oct/2022:19:17:37 +0000] "POST /api/v1/admins/signin HTTP/1.1" 200 506 "-" "PostmanRuntime/7.29.2"
::1 - - [22/Oct/2022:19:17:44 +0000] "GET /api/v1/bookings HTTP/1.1" 200 441 "-" "PostmanRuntime/7.29.2"
::1 - - [25/Oct/2022:10:52:35 +0000] "GET /api/v1/bookings HTTP/1.1" 200 441 "-" "PostmanRuntime/7.29.2"
::1 - - [25/Oct/2022:10:53:47 +0000] "PATCH /api/v1/bookings/booking-completed/63543ef16dc875e01d09fb21 HTTP/1.1" 404 1333 "-" "PostmanRuntime/7.29.2"
::1 - - [25/Oct/2022:10:55:57 +0000] "POST /api/v1/patients/signin HTTP/1.1" 200 609 "-" "PostmanRuntime/7.29.2"
::1 - - [25/Oct/2022:10:57:23 +0000] "PATCH /api/v1/bookings/booking-completed/63543ef16dc875e01d09fb21 HTTP/1.1" 404 1333 "-" "PostmanRuntime/7.29.2"
::1 - - [25/Oct/2022:10:57:57 +0000] "PATCH /api/v1/bookings/63543ef16dc875e01d09fb21 HTTP/1.1" 403 764 "-" "PostmanRuntime/7.29.2"
::1 - - [25/Oct/2022:11:01:49 +0000] "PATCH /api/v1/bookings/63543ef16dc875e01d09fb21 HTTP/1.1" 403 362 "-" "PostmanRuntime/7.29.2"
::1 - - [25/Oct/2022:11:02:56 +0000] "PATCH /api/v1/bookings/63543ef16dc875e01d09fb21 HTTP/1.1" 403 362 "-" "PostmanRuntime/7.29.2"
::1 - - [25/Oct/2022:11:04:02 +0000] "PATCH /api/v1/bookings/63543ef16dc875e01d09fb21 HTTP/1.1" 403 362 "-" "PostmanRuntime/7.29.2"
::1 - - [25/Oct/2022:11:05:00 +0000] "PATCH /api/v1/bookings/63543ef16dc875e01d09fb21 HTTP/1.1" 200 299 "-" "PostmanRuntime/7.29.2"
::1 - - [25/Oct/2022:11:06:17 +0000] "GET /api/v1/bookings/63543ef16dc875e01d09fb21 HTTP/1.1" 200 266 "-" "PostmanRuntime/7.29.2"
::1 - - [25/Oct/2022:11:20:37 +0000] "POST /api/v1/doctors/signin HTTP/1.1" 200 700 "-" "PostmanRuntime/7.29.2"
::1 - - [25/Oct/2022:11:21:23 +0000] "POST /api/v1/reviews HTTP/1.1" 401 318 "-" "PostmanRuntime/7.29.2"
::1 - - [25/Oct/2022:11:27:06 +0000] "POST /api/v1/reviews HTTP/1.1" 403 318 "-" "PostmanRuntime/7.29.2"
::1 - - [25/Oct/2022:11:30:02 +0000] "GET /api/v1/patients HTTP/1.1" 403 318 "-" "PostmanRuntime/7.29.2"
::1 - - [25/Oct/2022:11:30:19 +0000] "POST /api/v1/admins/signin HTTP/1.1" 200 506 "-" "PostmanRuntime/7.29.2"
::1 - - [25/Oct/2022:11:30:31 +0000] "GET /api/v1/patients HTTP/1.1" 200 424 "-" "PostmanRuntime/7.29.2"
::1 - - [25/Oct/2022:11:31:03 +0000] "POST /api/v1/patients/signin HTTP/1.1" 200 609 "-" "PostmanRuntime/7.29.2"
::1 - - [25/Oct/2022:11:31:37 +0000] "POST /api/v1/reviews HTTP/1.1" 201 302 "-" "PostmanRuntime/7.29.2"
::1 - - [25/Oct/2022:11:33:16 +0000] "GET /api/v1/reviews HTTP/1.1" 200 306 "-" "PostmanRuntime/7.29.2"
::1 - - [25/Oct/2022:11:34:23 +0000] "GET /api/v1/reviews/6357c919ab78ad05526d5242 HTTP/1.1" 200 300 "-" "PostmanRuntime/7.29.2"
::1 - - [25/Oct/2022:11:38:16 +0000] "PATCH /api/v1/reviews/6357c919ab78ad05526d5242 HTTP/1.1" 403 348 "-" "PostmanRuntime/7.29.2"
::1 - - [25/Oct/2022:11:39:37 +0000] "PATCH /api/v1/reviews/6357c919ab78ad05526d5242 HTTP/1.1" 403 348 "-" "PostmanRuntime/7.29.2"
::1 - - [25/Oct/2022:11:41:18 +0000] "PATCH /api/v1/reviews/6357c919ab78ad05526d5242 HTTP/1.1" 500 304 "-" "PostmanRuntime/7.29.2"
::1 - - [25/Oct/2022:11:42:46 +0000] "PATCH /api/v1/reviews/6357c919ab78ad05526d5242 HTTP/1.1" 200 346 "-" "PostmanRuntime/7.29.2"
::1 - - [25/Oct/2022:15:00:27 +0000] "POST /api/v1/doctors/signin HTTP/1.1" 200 700 "-" "PostmanRuntime/7.29.2"
::1 - - [25/Oct/2022:15:00:55 +0000] "POST /api/v1/records HTTP/1.1" 404 1245 "-" "PostmanRuntime/7.29.2"
::1 - - [25/Oct/2022:15:03:18 +0000] "POST /api/v1/records HTTP/1.1" 403 361 "-" "PostmanRuntime/7.29.2"
::1 - - [25/Oct/2022:15:04:31 +0000] "POST /api/v1/records HTTP/1.1" 500 941 "-" "PostmanRuntime/7.29.2"
::1 - - [25/Oct/2022:15:05:03 +0000] "POST /api/v1/records HTTP/1.1" 500 941 "-" "PostmanRuntime/7.29.2"
::1 - - [25/Oct/2022:15:06:51 +0000] "POST /api/v1/records HTTP/1.1" 201 331 "-" "PostmanRuntime/7.29.2"
::1 - - [25/Oct/2022:15:08:14 +0000] "GET /api/v1/records HTTP/1.1" 200 335 "-" "PostmanRuntime/7.29.2"
::1 - - [25/Oct/2022:15:10:37 +0000] "GET /api/v1/records HTTP/1.1" 403 318 "-" "PostmanRuntime/7.29.2"
::1 - - [25/Oct/2022:15:15:49 +0000] "POST /api/v1/admins/signin HTTP/1.1" 200 506 "-" "PostmanRuntime/7.29.2"
::1 - - [25/Oct/2022:15:15:59 +0000] "GET /api/v1/records HTTP/1.1" 200 335 "-" "PostmanRuntime/7.29.2"
::1 - - [25/Oct/2022:15:28:41 +0000] "GET /api/v1/records/6357fb8bb605eefaaa1cbb5a HTTP/1.1" 200 329 "-" "PostmanRuntime/7.29.2"
